\BOOKMARK [1][-]{section*.2}{Editorial}{}% 1
\BOOKMARK [1][-]{section*.3}{Palabras de la presidenta}{}% 2
\BOOKMARK [1][-]{section.1}{La Agencia Estatal de Investigaci\363n}{}% 3
\BOOKMARK [1][-]{section.2}{9ECM en Sevilla y otras noticias del EMS Council de 2020}{}% 4
\BOOKMARK [1][-]{section.3}{Noticias}{}% 5
\BOOKMARK [2][-]{subsection.3.1}{Matem\341ticas vs. COVID-19}{section.3}% 6
\BOOKMARK [2][-]{subsection.3.2}{Premio Princesa de Asturias para cuatro matem\341ticos}{section.3}% 7
\BOOKMARK [2][-]{subsection.3.3}{Jezabel Curbelo Hern\341ndez y Rafael Granero Belinch\363n ganadores del XXIII Premio SEMA Antonio Valle al Joven Investigador}{section.3}% 8
\BOOKMARK [3][-]{subsubsection.3.3.1}{Jezabel Curbelo Hern\341ndez}{subsection.3.3}% 9
\BOOKMARK [3][-]{subsubsection.3.3.2}{Rafael Granero Belinch\363n}{subsection.3.3}% 10
\BOOKMARK [1][-]{section.4}{Jezabel Curbelo y Rafael Granero, premios Antonio Valle 2020, vistos por sus directores de tesis}{}% 11
\BOOKMARK [1][-]{section.5}{Eleuterio Toro publica el libro autobiogr\341fico: Exiliado en Buckingham Palace}{}% 12
\BOOKMARK [1][-]{section.6}{Anuncios}{}% 13
\BOOKMARK [2][-]{subsection.6.1}{CEDYA / CMA 2020 Gij\363n}{section.6}% 14
\BOOKMARK [2][-]{subsection.6.2}{Rese\361a sobre la pr\363xima Escuela Hispano-Francesa Jacques-Louis Lions sobre Simulaci\363n Num\351rica en F\355sica e Ingenier\355a}{section.6}% 15
\BOOKMARK [2][-]{subsection.6.3}{ECCOMAS July 2020 Newsletter}{section.6}% 16
\BOOKMARK [2][-]{subsection.6.4}{WCCM-ECCOMAS Congress}{section.6}% 17
\BOOKMARK [2][-]{subsection.6.5}{VI ECCOMAS Young Investigators Conference}{section.6}% 18
\BOOKMARK [2][-]{subsection.6.6}{3\252 BYMAT Conference \205 Bringing Young Mathematicians Together}{section.6}% 19
\BOOKMARK [2][-]{subsection.6.7}{Actividades del Instituto de Matem\341ticas de la Universidad de Sevilla, IMUS}{section.6}% 20
\BOOKMARK [1][-]{section.7}{SEMA Journal}{}% 21
\BOOKMARK [1][-]{section.8}{Socios institucionales}{}% 22
